Total Shipments: 300
Shipment Data: {
  SHIVA: {
    RJ02GB8626: 1,
    PB12Y2346: 1,
    PB65BA8915: 1,
    PB12Y2605: 1,
    PB65AR6058: 1,
    PB65AV8465: 1,
    JH02BK7492: 1,
    NL01AD7892: 1,
    NL01N2246: 1,
    TN77H7742: 1,
    KA01AM8710: 1,
    NL01L8389: 1,
    MH20GC3887: 1,
    JH02BL5026: 1,
    MH46AR6848: 1,
    NL01AF3403: 1,
    JH02BL4257: 1,
    NL01AB6483: 1,
    NL01AD0192: 1,
    NL01N2047: 1,
    NL01AC1124: 1,
    NL01L9904: 1,
    PB19H9663: 1,
    RJ02GB5968: 1,
    NL01AD2744: 1,
    NL01N6244: 1,
    JH02BK7378: 1,
    NL01L9122: 1,
    RJ08GA6631: 1,
    TN55AM1996: 1,
    JH09AF8698: 1,
    NL01N5918: 1,
    JH02BK4213: 1,
    NL01N1965: 1,
    NL01L8032: 1,
    NL01N9191: 1,
    NL01L8844: 1,
    NL01AD5522: 1,
    NL01AD4332: 1,
    NL01L8218: 1,
    NL01N6916: 1,
    PB65BA9886: 1,
    CG04LF3151: 1,
    JH02BK4482: 1,
    NL01AD4349: 1,
    NL01N8825: 1,
    NL01AB3132: 1,
    TN34MA7266: 1,
    NL01AB1713: 1,
    CG04PC1297: 1,
    RJ02GB5188: 1,
    MH12PQ9585: 1,
    JH02BG2671: 1,
    JH12K0870: 1,
    TN28AR6799: 1,
    TN86C6889: 1,
    HR38AF1521: 1,
    NL01AB8433: 1,
    NL01AD1344: 1,
    JH09BA7484: 1,
    TN57BA0599: 1,
    JH02BK3714: 1,
    CG04HS8355: 1,
    BR01GL7755: 1,
    JH02BL5329: 1,
    PB11CJ4073: 1,
    TN57AQ9915: 1
  },
  OBC: {
    BR45GA4389: 1,
    CG04MZ9917: 1,
    RJ02GB5177: 1,
    JH12P1827: 1,
    NL01L5384: 1,
    NL01AA8126: 1,
    JH02AJ5049: 1,
    RJ02GB4874: 1,
    BR02GA1123: 1
  },
  CJDARCL: {
    JH02S3323: 3,
    JH02BL8678: 1,
    JH02BL9236: 1,
    NL01AA0151: 1,
    JH02BL6707: 1,
    NL01N7394: 1,
    NL01AE3451: 2,
    NL01AE3085: 2,
    RJ32GC0020: 1,
    CG04HP2174: 3,
    JH02BK0741: 1,
    NL01AC2566: 1,
    NL01Q7814: 1,
    JH02AJ7339: 1,
    RJ02GB3692: 1,
    JH02T8689: 1,
    CG04PE4651: 1,
    RJ02GB0872: 1,
    CG14D0874: 1,
    JH02BL9095: 1,
    JH02AD4799: 2,
    RJ29GB5777: 1,
    RJ52GB2344: 1,
    JH02BL1238: 2,
    JH02AB1864: 1,
    RJ14GL4037: 1,
    NL01Q8567: 1,
    CG04PE7458: 1,
    PB11CL7925: 1,
    PB23M8256: 1,
    JH02U9761: 1,
    NL01AD0812: 1,
    NL01AC8623: 1,
    NL01AA6373: 1,
    JH02AE1004: 1,
    CG04MQ6303: 1,
    JH02T0751: 1,
    NL01AE3081: 2,
    HR69E1656: 1,
    MH40BG4635: 1,
    NL01AE3491: 1,
    JH02S8205: 2,
    JH09Q8739: 1,
    CG13AE8861: 1,
    HR74B2598: 1,
    CG30E9300: 1,
    JH02AH5124: 1,
    NL01N4036: 1,
    JH05CT8049: 1,
    JH02BK4443: 1,
    NL01AE4541: 1,
    MH40BG6188: 1,
    JH02AP5089: 1,
    JH02R9577: 1,
    RJ14GF4957: 1,
    NL02Q5788: 1,
    RJ02GA6475: 1,
    JH02BK8949: 1,
    RJ40GA5453: 1,
    RJ02GA9800: 1,
    MH40CD2764: 1,
    JH01BY9272: 1,
    JH01BB5384: 1,
    MH40BG5118: 1,
    MH40CD3093: 1
  },
  JTC: {
    PB13AR4785: 1,
    TN61P3913: 1,
    JH09BB4136: 2,
    TN57AQ3249: 1,
    NL01Q0411: 2,
    JH01EY9911: 1,
    CG04MC4394: 1,
    JH09BB3560: 1,
    JH09BB6828: 1,
    TN52H8385: 1,
    HR38X5965: 1,
    TN34W2575: 1,
    NL01G2005: 1,
    NL01AE2003: 1,
    JH09BB6255: 1,
    JH02BL7593: 1,
    TN52H2577: 1,
    MH18AA9458: 1,
    NL01N2161: 1,
    JH01FC2211: 1,
    WB37D0020: 1,
    NL01L3850: 1,
    JH02BK6148: 1,
    RJ29GB6068: 1,
    JH09AZ8146: 1,
    BR27GA4159: 1,
    TN30BM5028: 1,
    RJ02GD3056: 1,
    JH02AM4209: 1,
    NL08D7263: 1,
    JH09BC5189: 1,
    NL01L1332: 1,
    NL01AD1454: 1,
    RJ05GB9331: 1,
    JH24J1276: 1,
    TN37DY6037: 1,
    NL01AA8292: 1,
    JH09BB2502: 1,
    JH02BK1190: 1
  },
  'RV LOG': {
    JH02V9978: 1,
    PB08EB4911: 1,
    JH02AF7966: 2,
    JH02AS2445: 2,
    JH02Z7114: 1,
    RJ14GC9366: 2,
    JH02T6914: 1,
    JH02AF5561: 2,
    JH02BK7204: 2,
    JH01DL3545: 1,
    JH01DU8128: 1,
    JH02T8605: 1,
    JH02Z3529: 1,
    JH02AE9442: 1,
    BR24GA1267: 1,
    JH02AJ1377: 1,
    JH05DH9883: 1,
    JH02W6432: 1,
    JH01BS0809: 1,
    JH02AV2675: 1,
    UP53ET1303: 1,
    JH02P3160: 1
  },
  'SUNIL JAIN': { NL01AF5945: 1 },
  'SHRI KRISHNA LOGISTICS': { CG14MF9726: 1, JH02AU6927: 1 },
  ZINKA: {
    RJ02GC0582: 1,
    HR73B4140: 1,
    RJ02GC2306: 1,
    HR74B3297: 1,
    HR46F9436: 1,
    RJ29GA6747: 1,
    NL01AC6855: 1,
    JH02BK8475: 1,
    RJ05GB2994: 1,
    HR46E7017: 1,
    RJ02GB6188: 1,
    RJ02GB6039: 1,
    RJ52GB0014: 1,
    HR55S9002: 1
  },
  SAHABUDDIN: { JH11AK2489: 1 },
  'MD AZAZ KHAN': { NL01N4254: 1 },
  KATARIA: {
    NL01K0918: 2,
    NL01L4082: 1,
    JH09BB8209: 1,
    NL02K1889: 1,
    JH02BK6337: 1,
    JH09BB7437: 1,
    NL01G2869: 1,
    OD15S7207: 1,
    NL02Q9179: 1,
    NL01Q8476: 1,
    NL01G4489: 1,
    NL01L6677: 1,
    NL01AE2242: 1,
    NL01AB4712: 1,
    BR27G1301: 1,
    JH02BK4115: 1,
    NL01K2594: 1,
    JH09BB8571: 1,
    NL01G9361: 1,
    CG07AZ9175: 1,
    NL01L2297: 1,
    JH02BK1862: 1
  },
  'AHTESHAM KHAN': { CG04MA9964: 1 },
  abhishak: { CG04NT2474: 1 },
  'SADDAM KHAN': { RJ02GC5868: 1 },
  SABIR: { RJ02GB8781: 1 },
  'SINGH ENT': { JH09AS5621: 1 },
  'AAMIN KHAN': { RJ14GH2755: 1 },
  bajid: { RJ05GB5626: 1 },
  'SANTOSH KUMAR GUPTA': { CG04PE2494: 1 },
  'ARUN KUMAR SINGH': { CG13AE6799: 1 },
  'FAKRU DEEN': { RJ02GC2656: 1 },
  'HANUMAN SAHAY JAT': { RJ52GA8996: 1 },
  'MAA ANPURNA TRANSPORT': { CG04MR5474: 1 },
  'LABU RAM': { RJ19GE5826: 1 },
  'PUTUL KUMAR DEVI': { NL01AD4132: 1 },
  HAWA: { RJ32GD1234: 1 },
  'SURESH CHAND': { RJ14GG1846: 1 },
  rahul: { UP13AT0764: 1 },
  TAUFIK: { RJ52GA3674: 1 },
  'GAYANI RAM': { CG04ME4537: 1 },
  'SHAHRUKH KHAN': { RJ02GB2656: 1 },
  'BHIYA RAM': { RJ19GH6816: 1 },
  SAURABH: { RJ02GB5487: 1 },
  jameel: { RJ02GB6292: 1 },
  SADDAM: { RJ02GB3486: 1 },
  'SARIF KHAN': { RJ40GA0946: 1 },
  'mula ram': { RJ19GG3916: 1 },
  'RAKSH PAL SINGH': { UP25DT4429: 1 },
  'LALA RAM JAT': { RJ02GB6126: 1 },
  'A-ONE LOGISTICS (PT)': { RJ02GC3422: 1, RJ02GB4761: 1, RJ02GB6265: 1 },
  'ABDUL MANAN': { JH02F4670: 1 },
  'VISHAL SHARMA': { RJ02GB9222: 1 },
  'BABITA SHARMA': { RJ02GB4376: 1 },
  'HASAN MOHAMMAD': { RJ14GG9503: 1 },
  'DEVINDER SINGH': { CG04LK1817: 1 },
  'SANDEEP MATHO': { CG14D0760: 1 },
  'DEVENDRA RAJANSH': { JH02W6611: 1 },
  'BASUDEV YADAV': { JH02AV6452: 1 }
}
