Total Shipments: 69
{
  'AP Brothers_TEST_VEH_003': 1,
  'AP Brothers_TEST_VEH_002': 1,
  'Supermart Avenues Ltd_TEST_VEH_001': 1,
  'karan mishra_TESTVEHICLE001': 1,
  'Test company_THAILAND1': 1,
  'karan mishra_CH79847': 1,
  'karan mishra_HR8755': 1,
  'Test company_SDBJSHW': 1,
  'av transp_JDHBJH233': 1,
  'Mohit Sahu_GDSHGFH4657GH': 1,
  'Mohit Sahu_DFSFT44T6': 1,
  SHAKEEL_DREW35666: 1,
  CCI_KCDNJNS44: 1,
  'Mohit Sahu_RJ45CW5135': 1,
  'NO PAPER FORMS PVT LTD ._BCHBCHS223': 1,
  JHRL_TRIPPOINT: 1,
  'karan mishra_WB19G5227': 1,
  'karan mishra_09879876': 1,
  'karan mishra_DL04AM2332': 1,
  'Damandeep SIngh_Rj147727': 1,
  'karan mishra_DL4SCC2949': 1,
  'Somnath  ji_Mh12nx1234': 1,
  'Vaibhav test_MH01TD0099': 1,
  'karan mishra_TEST 12312': 2,
  SUMAN1_AB45B2044: 1,
  TEST_RJ06GC2482: 1,
  HRD_HR123478: 3,
  HRD_JH05BR1717: 1,
  'SREE KEERTHI TRANSPORT 17-28-14/1_UP153442112': 1,
  'karan mishra_HR55AB6919': 2,
  'SREE KEERTHI TRANSPORT 17-28-14/1_WB124SDVDV': 1,
  'SREE KEERTHI TRANSPORT 17-28-14/1_WB2423RF': 1,
  'SREE KEERTHI TRANSPORT 17-28-14/1_WB13143': 1,
  'Vaibhav test_UP78EJ9988': 1,
  'SREE GANESH BATTERY CENTRE_MS6666AD15': 1,
  'karan mishra_DL1CAA2390': 1,
  'karan mishra_DL1CAA2311': 1,
  'karan mishra_DL1CAA2342': 2,
  Manish_HR63748: 1,
  'karan mishra_HR7652658': 1,
  Lovinder_DL5CP5089: 1,
  'AMAN SHARMA  COAL VENDOR_CH89303': 1,
  'karan mishra_CH98765': 1,
  'Giri Raj Carrying Corporation Ghaziabad_HR97435': 1,
  'SURESH KUMAR-HISAR_DL1GC1001': 1,
  'Mohit Sahu_ABC123': 1,
  'karan mishra_TEST V001': 1,
  LORRRRRRRRYYYYYYYYY_WB01AB0101: 1,
  'Amit - Trcuksnetic_HR55AB6590': 1,
  'Naidu mamidi_AP31TT9999': 1,
  'Sayan test_WB01AB0101': 1,
  Lovinder_DL45CW5035: 1,
  'qwerty test data_765434567890': 1,
  'karan mishra_HR26DZ5252': 1,
  Lovinder_RJ45CW5135: 1,
  'karan mishra_MS6666AD15': 3,
  'karan mishra_ROHIT test': 1,
  'Mohit Sahu_FR06XX1111': 1,
  'New Baba Transport Service_DL8SBP1122': 1,
  'karan mishra_TE09A81234': 1,
  'Test company_TESTMULTI001': 1,
  'Test company_TESTFU001': 1
}
